Configuration: concurrency bug checking level is: 1

GKLEE: Start executing a GPU kernel 

Deadlock Checking at Block 0: 

**************************** Start checking bank conflicts at SharedMemory 0... ***********************************

GKLEE: ********** CAPACITY 2.x Bank Conflict *************

GKLEE: Threads 0 and 4 incur a R-R bank conflict on bank 31
[GKLEE] Inst: 
Instruction Line: 83, In File: shared_bitmap_buggy_GKLEE.C, With Dir Path: /home/bgibson/EclipseWorkspaces/CUDA/CUDA/gig
[File: /home/bgibson/EclipseWorkspaces/CUDA/CUDA/gig/shared_bitmap_buggy_GKLEE.C, Line: 83, Inst:     ptr[offset*4 + 1] = shared[7-threadIdx.x][7-threadIdx.y];]
<_ZZ6kernelPhE6shared_block_0, 252, b0, t0> 
[GKLEE] Inst: 
Instruction Line: 83, In File: shared_bitmap_buggy_GKLEE.C, With Dir Path: /home/bgibson/EclipseWorkspaces/CUDA/CUDA/gig
[File: /home/bgibson/EclipseWorkspaces/CUDA/CUDA/gig/shared_bitmap_buggy_GKLEE.C, Line: 83, Inst:     ptr[offset*4 + 1] = shared[7-threadIdx.x][7-threadIdx.y];]
<_ZZ6kernelPhE6shared_block_0, 124, b0, t4> 

GKLEE: ***************************************************

GKLEE: ********** CAPACITY 2.x Bank Conflict *************

GKLEE: Threads 1 and 5 incur a R-R bank conflict on bank 23
[GKLEE] Inst: 
Instruction Line: 83, In File: shared_bitmap_buggy_GKLEE.C, With Dir Path: /home/bgibson/EclipseWorkspaces/CUDA/CUDA/gig
[File: /home/bgibson/EclipseWorkspaces/CUDA/CUDA/gig/shared_bitmap_buggy_GKLEE.C, Line: 83, Inst:     ptr[offset*4 + 1] = shared[7-threadIdx.x][7-threadIdx.y];]
<_ZZ6kernelPhE6shared_block_0, 220, b0, t1> 
[GKLEE] Inst: 
Instruction Line: 83, In File: shared_bitmap_buggy_GKLEE.C, With Dir Path: /home/bgibson/EclipseWorkspaces/CUDA/CUDA/gig
[File: /home/bgibson/EclipseWorkspaces/CUDA/CUDA/gig/shared_bitmap_buggy_GKLEE.C, Line: 83, Inst:     ptr[offset*4 + 1] = shared[7-threadIdx.x][7-threadIdx.y];]
<_ZZ6kernelPhE6shared_block_0, 92, b0, t5> 

GKLEE: ***************************************************

GKLEE: ********** CAPACITY 2.x Bank Conflict *************

GKLEE: Threads 2 and 6 incur a R-R bank conflict on bank 15
[GKLEE] Inst: 
Instruction Line: 83, In File: shared_bitmap_buggy_GKLEE.C, With Dir Path: /home/bgibson/EclipseWorkspaces/CUDA/CUDA/gig
[File: /home/bgibson/EclipseWorkspaces/CUDA/CUDA/gig/shared_bitmap_buggy_GKLEE.C, Line: 83, Inst:     ptr[offset*4 + 1] = shared[7-threadIdx.x][7-threadIdx.y];]
<_ZZ6kernelPhE6shared_block_0, 188, b0, t2> 
[GKLEE] Inst: 
Instruction Line: 83, In File: shared_bitmap_buggy_GKLEE.C, With Dir Path: /home/bgibson/EclipseWorkspaces/CUDA/CUDA/gig
[File: /home/bgibson/EclipseWorkspaces/CUDA/CUDA/gig/shared_bitmap_buggy_GKLEE.C, Line: 83, Inst:     ptr[offset*4 + 1] = shared[7-threadIdx.x][7-threadIdx.y];]
<_ZZ6kernelPhE6shared_block_0, 60, b0, t6> 

GKLEE: ***************************************************

GKLEE: ********** CAPACITY 2.x Bank Conflict *************

GKLEE: Threads 3 and 7 incur a R-R bank conflict on bank 7
[GKLEE] Inst: 
Instruction Line: 83, In File: shared_bitmap_buggy_GKLEE.C, With Dir Path: /home/bgibson/EclipseWorkspaces/CUDA/CUDA/gig
[File: /home/bgibson/EclipseWorkspaces/CUDA/CUDA/gig/shared_bitmap_buggy_GKLEE.C, Line: 83, Inst:     ptr[offset*4 + 1] = shared[7-threadIdx.x][7-threadIdx.y];]
<_ZZ6kernelPhE6shared_block_0, 156, b0, t3> 
[GKLEE] Inst: 
Instruction Line: 83, In File: shared_bitmap_buggy_GKLEE.C, With Dir Path: /home/bgibson/EclipseWorkspaces/CUDA/CUDA/gig
[File: /home/bgibson/EclipseWorkspaces/CUDA/CUDA/gig/shared_bitmap_buggy_GKLEE.C, Line: 83, Inst:     ptr[offset*4 + 1] = shared[7-threadIdx.x][7-threadIdx.y];]
<_ZZ6kernelPhE6shared_block_0, 28, b0, t7> 

GKLEE: ***************************************************

GKLEE: ********** CAPACITY 2.x Bank Conflict *************

GKLEE: Threads 8 and 12 incur a R-R bank conflict on bank 30
[GKLEE] Inst: 
Instruction Line: 83, In File: shared_bitmap_buggy_GKLEE.C, With Dir Path: /home/bgibson/EclipseWorkspaces/CUDA/CUDA/gig
[File: /home/bgibson/EclipseWorkspaces/CUDA/CUDA/gig/shared_bitmap_buggy_GKLEE.C, Line: 83, Inst:     ptr[offset*4 + 1] = shared[7-threadIdx.x][7-threadIdx.y];]
<_ZZ6kernelPhE6shared_block_0, 248, b0, t8> 
[GKLEE] Inst: 
Instruction Line: 83, In File: shared_bitmap_buggy_GKLEE.C, With Dir Path: /home/bgibson/EclipseWorkspaces/CUDA/CUDA/gig
[File: /home/bgibson/EclipseWorkspaces/CUDA/CUDA/gig/shared_bitmap_buggy_GKLEE.C, Line: 83, Inst:     ptr[offset*4 + 1] = shared[7-threadIdx.x][7-threadIdx.y];]
<_ZZ6kernelPhE6shared_block_0, 120, b0, t12> 

GKLEE: ***************************************************

GKLEE: ********** CAPACITY 2.x Bank Conflict *************

GKLEE: Threads 9 and 13 incur a R-R bank conflict on bank 22
[GKLEE] Inst: 
Instruction Line: 83, In File: shared_bitmap_buggy_GKLEE.C, With Dir Path: /home/bgibson/EclipseWorkspaces/CUDA/CUDA/gig
[File: /home/bgibson/EclipseWorkspaces/CUDA/CUDA/gig/shared_bitmap_buggy_GKLEE.C, Line: 83, Inst:     ptr[offset*4 + 1] = shared[7-threadIdx.x][7-threadIdx.y];]
<_ZZ6kernelPhE6shared_block_0, 216, b0, t9> 
[GKLEE] Inst: 
Instruction Line: 83, In File: shared_bitmap_buggy_GKLEE.C, With Dir Path: /home/bgibson/EclipseWorkspaces/CUDA/CUDA/gig
[File: /home/bgibson/EclipseWorkspaces/CUDA/CUDA/gig/shared_bitmap_buggy_GKLEE.C, Line: 83, Inst:     ptr[offset*4 + 1] = shared[7-threadIdx.x][7-threadIdx.y];]
<_ZZ6kernelPhE6shared_block_0, 88, b0, t13> 

GKLEE: ***************************************************

GKLEE: ********** CAPACITY 2.x Bank Conflict *************

GKLEE: Threads 10 and 14 incur a R-R bank conflict on bank 14
[GKLEE] Inst: 
Instruction Line: 83, In File: shared_bitmap_buggy_GKLEE.C, With Dir Path: /home/bgibson/EclipseWorkspaces/CUDA/CUDA/gig
[File: /home/bgibson/EclipseWorkspaces/CUDA/CUDA/gig/shared_bitmap_buggy_GKLEE.C, Line: 83, Inst:     ptr[offset*4 + 1] = shared[7-threadIdx.x][7-threadIdx.y];]
<_ZZ6kernelPhE6shared_block_0, 184, b0, t10> 
[GKLEE] Inst: 
Instruction Line: 83, In File: shared_bitmap_buggy_GKLEE.C, With Dir Path: /home/bgibson/EclipseWorkspaces/CUDA/CUDA/gig
[File: /home/bgibson/EclipseWorkspaces/CUDA/CUDA/gig/shared_bitmap_buggy_GKLEE.C, Line: 83, Inst:     ptr[offset*4 + 1] = shared[7-threadIdx.x][7-threadIdx.y];]
<_ZZ6kernelPhE6shared_block_0, 56, b0, t14> 

GKLEE: ***************************************************

GKLEE: ********** CAPACITY 2.x Bank Conflict *************

GKLEE: Threads 11 and 15 incur a R-R bank conflict on bank 6
[GKLEE] Inst: 
Instruction Line: 83, In File: shared_bitmap_buggy_GKLEE.C, With Dir Path: /home/bgibson/EclipseWorkspaces/CUDA/CUDA/gig
[File: /home/bgibson/EclipseWorkspaces/CUDA/CUDA/gig/shared_bitmap_buggy_GKLEE.C, Line: 83, Inst:     ptr[offset*4 + 1] = shared[7-threadIdx.x][7-threadIdx.y];]
<_ZZ6kernelPhE6shared_block_0, 152, b0, t11> 
[GKLEE] Inst: 
Instruction Line: 83, In File: shared_bitmap_buggy_GKLEE.C, With Dir Path: /home/bgibson/EclipseWorkspaces/CUDA/CUDA/gig
[File: /home/bgibson/EclipseWorkspaces/CUDA/CUDA/gig/shared_bitmap_buggy_GKLEE.C, Line: 83, Inst:     ptr[offset*4 + 1] = shared[7-threadIdx.x][7-threadIdx.y];]
<_ZZ6kernelPhE6shared_block_0, 24, b0, t15> 

GKLEE: ***************************************************

GKLEE: ********** CAPACITY 2.x Bank Conflict *************

GKLEE: Threads 16 and 20 incur a R-R bank conflict on bank 29
[GKLEE] Inst: 
Instruction Line: 83, In File: shared_bitmap_buggy_GKLEE.C, With Dir Path: /home/bgibson/EclipseWorkspaces/CUDA/CUDA/gig
[File: /home/bgibson/EclipseWorkspaces/CUDA/CUDA/gig/shared_bitmap_buggy_GKLEE.C, Line: 83, Inst:     ptr[offset*4 + 1] = shared[7-threadIdx.x][7-threadIdx.y];]
<_ZZ6kernelPhE6shared_block_0, 244, b0, t16> 
[GKLEE] Inst: 
Instruction Line: 83, In File: shared_bitmap_buggy_GKLEE.C, With Dir Path: /home/bgibson/EclipseWorkspaces/CUDA/CUDA/gig
[File: /home/bgibson/EclipseWorkspaces/CUDA/CUDA/gig/shared_bitmap_buggy_GKLEE.C, Line: 83, Inst:     ptr[offset*4 + 1] = shared[7-threadIdx.x][7-threadIdx.y];]
<_ZZ6kernelPhE6shared_block_0, 116, b0, t20> 

GKLEE: ***************************************************

GKLEE: ********** CAPACITY 2.x Bank Conflict *************

GKLEE: Threads 17 and 21 incur a R-R bank conflict on bank 21
[GKLEE] Inst: 
Instruction Line: 83, In File: shared_bitmap_buggy_GKLEE.C, With Dir Path: /home/bgibson/EclipseWorkspaces/CUDA/CUDA/gig
[File: /home/bgibson/EclipseWorkspaces/CUDA/CUDA/gig/shared_bitmap_buggy_GKLEE.C, Line: 83, Inst:     ptr[offset*4 + 1] = shared[7-threadIdx.x][7-threadIdx.y];]
<_ZZ6kernelPhE6shared_block_0, 212, b0, t17> 
[GKLEE] Inst: 
Instruction Line: 83, In File: shared_bitmap_buggy_GKLEE.C, With Dir Path: /home/bgibson/EclipseWorkspaces/CUDA/CUDA/gig
[File: /home/bgibson/EclipseWorkspaces/CUDA/CUDA/gig/shared_bitmap_buggy_GKLEE.C, Line: 83, Inst:     ptr[offset*4 + 1] = shared[7-threadIdx.x][7-threadIdx.y];]
<_ZZ6kernelPhE6shared_block_0, 84, b0, t21> 

GKLEE: ***************************************************

GKLEE: ********** CAPACITY 2.x Bank Conflict *************

GKLEE: Threads 18 and 22 incur a R-R bank conflict on bank 13
[GKLEE] Inst: 
Instruction Line: 83, In File: shared_bitmap_buggy_GKLEE.C, With Dir Path: /home/bgibson/EclipseWorkspaces/CUDA/CUDA/gig
[File: /home/bgibson/EclipseWorkspaces/CUDA/CUDA/gig/shared_bitmap_buggy_GKLEE.C, Line: 83, Inst:     ptr[offset*4 + 1] = shared[7-threadIdx.x][7-threadIdx.y];]
<_ZZ6kernelPhE6shared_block_0, 180, b0, t18> 
[GKLEE] Inst: 
Instruction Line: 83, In File: shared_bitmap_buggy_GKLEE.C, With Dir Path: /home/bgibson/EclipseWorkspaces/CUDA/CUDA/gig
[File: /home/bgibson/EclipseWorkspaces/CUDA/CUDA/gig/shared_bitmap_buggy_GKLEE.C, Line: 83, Inst:     ptr[offset*4 + 1] = shared[7-threadIdx.x][7-threadIdx.y];]
<_ZZ6kernelPhE6shared_block_0, 52, b0, t22> 

GKLEE: ***************************************************

GKLEE: ********** CAPACITY 2.x Bank Conflict *************

GKLEE: Threads 19 and 23 incur a R-R bank conflict on bank 5
[GKLEE] Inst: 
Instruction Line: 83, In File: shared_bitmap_buggy_GKLEE.C, With Dir Path: /home/bgibson/EclipseWorkspaces/CUDA/CUDA/gig
[File: /home/bgibson/EclipseWorkspaces/CUDA/CUDA/gig/shared_bitmap_buggy_GKLEE.C, Line: 83, Inst:     ptr[offset*4 + 1] = shared[7-threadIdx.x][7-threadIdx.y];]
<_ZZ6kernelPhE6shared_block_0, 148, b0, t19> 
[GKLEE] Inst: 
Instruction Line: 83, In File: shared_bitmap_buggy_GKLEE.C, With Dir Path: /home/bgibson/EclipseWorkspaces/CUDA/CUDA/gig
[File: /home/bgibson/EclipseWorkspaces/CUDA/CUDA/gig/shared_bitmap_buggy_GKLEE.C, Line: 83, Inst:     ptr[offset*4 + 1] = shared[7-threadIdx.x][7-threadIdx.y];]
<_ZZ6kernelPhE6shared_block_0, 20, b0, t23> 

GKLEE: ***************************************************

GKLEE: ********** CAPACITY 2.x Bank Conflict *************

GKLEE: Threads 24 and 28 incur a R-R bank conflict on bank 28
[GKLEE] Inst: 
Instruction Line: 83, In File: shared_bitmap_buggy_GKLEE.C, With Dir Path: /home/bgibson/EclipseWorkspaces/CUDA/CUDA/gig
[File: /home/bgibson/EclipseWorkspaces/CUDA/CUDA/gig/shared_bitmap_buggy_GKLEE.C, Line: 83, Inst:     ptr[offset*4 + 1] = shared[7-threadIdx.x][7-threadIdx.y];]
<_ZZ6kernelPhE6shared_block_0, 240, b0, t24> 
[GKLEE] Inst: 
Instruction Line: 83, In File: shared_bitmap_buggy_GKLEE.C, With Dir Path: /home/bgibson/EclipseWorkspaces/CUDA/CUDA/gig
[File: /home/bgibson/EclipseWorkspaces/CUDA/CUDA/gig/shared_bitmap_buggy_GKLEE.C, Line: 83, Inst:     ptr[offset*4 + 1] = shared[7-threadIdx.x][7-threadIdx.y];]
<_ZZ6kernelPhE6shared_block_0, 112, b0, t28> 

GKLEE: ***************************************************

GKLEE: ********** CAPACITY 2.x Bank Conflict *************

GKLEE: Threads 25 and 29 incur a R-R bank conflict on bank 20
[GKLEE] Inst: 
Instruction Line: 83, In File: shared_bitmap_buggy_GKLEE.C, With Dir Path: /home/bgibson/EclipseWorkspaces/CUDA/CUDA/gig
[File: /home/bgibson/EclipseWorkspaces/CUDA/CUDA/gig/shared_bitmap_buggy_GKLEE.C, Line: 83, Inst:     ptr[offset*4 + 1] = shared[7-threadIdx.x][7-threadIdx.y];]
<_ZZ6kernelPhE6shared_block_0, 208, b0, t25> 
[GKLEE] Inst: 
Instruction Line: 83, In File: shared_bitmap_buggy_GKLEE.C, With Dir Path: /home/bgibson/EclipseWorkspaces/CUDA/CUDA/gig
[File: /home/bgibson/EclipseWorkspaces/CUDA/CUDA/gig/shared_bitmap_buggy_GKLEE.C, Line: 83, Inst:     ptr[offset*4 + 1] = shared[7-threadIdx.x][7-threadIdx.y];]
<_ZZ6kernelPhE6shared_block_0, 80, b0, t29> 

GKLEE: ***************************************************

GKLEE: ********** CAPACITY 2.x Bank Conflict *************

GKLEE: Threads 26 and 30 incur a R-R bank conflict on bank 12
[GKLEE] Inst: 
Instruction Line: 83, In File: shared_bitmap_buggy_GKLEE.C, With Dir Path: /home/bgibson/EclipseWorkspaces/CUDA/CUDA/gig
[File: /home/bgibson/EclipseWorkspaces/CUDA/CUDA/gig/shared_bitmap_buggy_GKLEE.C, Line: 83, Inst:     ptr[offset*4 + 1] = shared[7-threadIdx.x][7-threadIdx.y];]
<_ZZ6kernelPhE6shared_block_0, 176, b0, t26> 
[GKLEE] Inst: 
Instruction Line: 83, In File: shared_bitmap_buggy_GKLEE.C, With Dir Path: /home/bgibson/EclipseWorkspaces/CUDA/CUDA/gig
[File: /home/bgibson/EclipseWorkspaces/CUDA/CUDA/gig/shared_bitmap_buggy_GKLEE.C, Line: 83, Inst:     ptr[offset*4 + 1] = shared[7-threadIdx.x][7-threadIdx.y];]
<_ZZ6kernelPhE6shared_block_0, 48, b0, t30> 

GKLEE: ***************************************************

GKLEE: ********** CAPACITY 2.x Bank Conflict *************

GKLEE: Threads 27 and 31 incur a R-R bank conflict on bank 4
[GKLEE] Inst: 
Instruction Line: 83, In File: shared_bitmap_buggy_GKLEE.C, With Dir Path: /home/bgibson/EclipseWorkspaces/CUDA/CUDA/gig
[File: /home/bgibson/EclipseWorkspaces/CUDA/CUDA/gig/shared_bitmap_buggy_GKLEE.C, Line: 83, Inst:     ptr[offset*4 + 1] = shared[7-threadIdx.x][7-threadIdx.y];]
<_ZZ6kernelPhE6shared_block_0, 144, b0, t27> 
[GKLEE] Inst: 
Instruction Line: 83, In File: shared_bitmap_buggy_GKLEE.C, With Dir Path: /home/bgibson/EclipseWorkspaces/CUDA/CUDA/gig
[File: /home/bgibson/EclipseWorkspaces/CUDA/CUDA/gig/shared_bitmap_buggy_GKLEE.C, Line: 83, Inst:     ptr[offset*4 + 1] = shared[7-threadIdx.x][7-threadIdx.y];]
<_ZZ6kernelPhE6shared_block_0, 16, b0, t31> 

GKLEE: ***************************************************

GKLEE: ********** CAPACITY 2.x Bank Conflict *************

GKLEE: Threads 32 and 36 incur a R-R bank conflict on bank 27
[GKLEE] Inst: 
Instruction Line: 83, In File: shared_bitmap_buggy_GKLEE.C, With Dir Path: /home/bgibson/EclipseWorkspaces/CUDA/CUDA/gig
[File: /home/bgibson/EclipseWorkspaces/CUDA/CUDA/gig/shared_bitmap_buggy_GKLEE.C, Line: 83, Inst:     ptr[offset*4 + 1] = shared[7-threadIdx.x][7-threadIdx.y];]
<_ZZ6kernelPhE6shared_block_0, 236, b0, t32> 
[GKLEE] Inst: 
Instruction Line: 83, In File: shared_bitmap_buggy_GKLEE.C, With Dir Path: /home/bgibson/EclipseWorkspaces/CUDA/CUDA/gig
[File: /home/bgibson/EclipseWorkspaces/CUDA/CUDA/gig/shared_bitmap_buggy_GKLEE.C, Line: 83, Inst:     ptr[offset*4 + 1] = shared[7-threadIdx.x][7-threadIdx.y];]
<_ZZ6kernelPhE6shared_block_0, 108, b0, t36> 

GKLEE: ***************************************************

GKLEE: ********** CAPACITY 2.x Bank Conflict *************

GKLEE: Threads 33 and 37 incur a R-R bank conflict on bank 19
[GKLEE] Inst: 
Instruction Line: 83, In File: shared_bitmap_buggy_GKLEE.C, With Dir Path: /home/bgibson/EclipseWorkspaces/CUDA/CUDA/gig
[File: /home/bgibson/EclipseWorkspaces/CUDA/CUDA/gig/shared_bitmap_buggy_GKLEE.C, Line: 83, Inst:     ptr[offset*4 + 1] = shared[7-threadIdx.x][7-threadIdx.y];]
<_ZZ6kernelPhE6shared_block_0, 204, b0, t33> 
[GKLEE] Inst: 
Instruction Line: 83, In File: shared_bitmap_buggy_GKLEE.C, With Dir Path: /home/bgibson/EclipseWorkspaces/CUDA/CUDA/gig
[File: /home/bgibson/EclipseWorkspaces/CUDA/CUDA/gig/shared_bitmap_buggy_GKLEE.C, Line: 83, Inst:     ptr[offset*4 + 1] = shared[7-threadIdx.x][7-threadIdx.y];]
<_ZZ6kernelPhE6shared_block_0, 76, b0, t37> 

GKLEE: ***************************************************

GKLEE: ********** CAPACITY 2.x Bank Conflict *************

GKLEE: Threads 34 and 38 incur a R-R bank conflict on bank 11
[GKLEE] Inst: 
Instruction Line: 83, In File: shared_bitmap_buggy_GKLEE.C, With Dir Path: /home/bgibson/EclipseWorkspaces/CUDA/CUDA/gig
[File: /home/bgibson/EclipseWorkspaces/CUDA/CUDA/gig/shared_bitmap_buggy_GKLEE.C, Line: 83, Inst:     ptr[offset*4 + 1] = shared[7-threadIdx.x][7-threadIdx.y];]
<_ZZ6kernelPhE6shared_block_0, 172, b0, t34> 
[GKLEE] Inst: 
Instruction Line: 83, In File: shared_bitmap_buggy_GKLEE.C, With Dir Path: /home/bgibson/EclipseWorkspaces/CUDA/CUDA/gig
[File: /home/bgibson/EclipseWorkspaces/CUDA/CUDA/gig/shared_bitmap_buggy_GKLEE.C, Line: 83, Inst:     ptr[offset*4 + 1] = shared[7-threadIdx.x][7-threadIdx.y];]
<_ZZ6kernelPhE6shared_block_0, 44, b0, t38> 

GKLEE: ***************************************************

GKLEE: ********** CAPACITY 2.x Bank Conflict *************

GKLEE: Threads 35 and 39 incur a R-R bank conflict on bank 3
[GKLEE] Inst: 
Instruction Line: 83, In File: shared_bitmap_buggy_GKLEE.C, With Dir Path: /home/bgibson/EclipseWorkspaces/CUDA/CUDA/gig
[File: /home/bgibson/EclipseWorkspaces/CUDA/CUDA/gig/shared_bitmap_buggy_GKLEE.C, Line: 83, Inst:     ptr[offset*4 + 1] = shared[7-threadIdx.x][7-threadIdx.y];]
<_ZZ6kernelPhE6shared_block_0, 140, b0, t35> 
[GKLEE] Inst: 
Instruction Line: 83, In File: shared_bitmap_buggy_GKLEE.C, With Dir Path: /home/bgibson/EclipseWorkspaces/CUDA/CUDA/gig
[File: /home/bgibson/EclipseWorkspaces/CUDA/CUDA/gig/shared_bitmap_buggy_GKLEE.C, Line: 83, Inst:     ptr[offset*4 + 1] = shared[7-threadIdx.x][7-threadIdx.y];]
<_ZZ6kernelPhE6shared_block_0, 12, b0, t39> 

GKLEE: ***************************************************

GKLEE: ********** CAPACITY 2.x Bank Conflict *************

GKLEE: Threads 40 and 44 incur a R-R bank conflict on bank 26
[GKLEE] Inst: 
Instruction Line: 83, In File: shared_bitmap_buggy_GKLEE.C, With Dir Path: /home/bgibson/EclipseWorkspaces/CUDA/CUDA/gig
[File: /home/bgibson/EclipseWorkspaces/CUDA/CUDA/gig/shared_bitmap_buggy_GKLEE.C, Line: 83, Inst:     ptr[offset*4 + 1] = shared[7-threadIdx.x][7-threadIdx.y];]
<_ZZ6kernelPhE6shared_block_0, 232, b0, t40> 
[GKLEE] Inst: 
Instruction Line: 83, In File: shared_bitmap_buggy_GKLEE.C, With Dir Path: /home/bgibson/EclipseWorkspaces/CUDA/CUDA/gig
[File: /home/bgibson/EclipseWorkspaces/CUDA/CUDA/gig/shared_bitmap_buggy_GKLEE.C, Line: 83, Inst:     ptr[offset*4 + 1] = shared[7-threadIdx.x][7-threadIdx.y];]
<_ZZ6kernelPhE6shared_block_0, 104, b0, t44> 

GKLEE: ***************************************************

GKLEE: ********** CAPACITY 2.x Bank Conflict *************

GKLEE: Threads 41 and 45 incur a R-R bank conflict on bank 18
[GKLEE] Inst: 
Instruction Line: 83, In File: shared_bitmap_buggy_GKLEE.C, With Dir Path: /home/bgibson/EclipseWorkspaces/CUDA/CUDA/gig
[File: /home/bgibson/EclipseWorkspaces/CUDA/CUDA/gig/shared_bitmap_buggy_GKLEE.C, Line: 83, Inst:     ptr[offset*4 + 1] = shared[7-threadIdx.x][7-threadIdx.y];]
<_ZZ6kernelPhE6shared_block_0, 200, b0, t41> 
[GKLEE] Inst: 
Instruction Line: 83, In File: shared_bitmap_buggy_GKLEE.C, With Dir Path: /home/bgibson/EclipseWorkspaces/CUDA/CUDA/gig
[File: /home/bgibson/EclipseWorkspaces/CUDA/CUDA/gig/shared_bitmap_buggy_GKLEE.C, Line: 83, Inst:     ptr[offset*4 + 1] = shared[7-threadIdx.x][7-threadIdx.y];]
<_ZZ6kernelPhE6shared_block_0, 72, b0, t45> 

GKLEE: ***************************************************

GKLEE: ********** CAPACITY 2.x Bank Conflict *************

GKLEE: Threads 42 and 46 incur a R-R bank conflict on bank 10
[GKLEE] Inst: 
Instruction Line: 83, In File: shared_bitmap_buggy_GKLEE.C, With Dir Path: /home/bgibson/EclipseWorkspaces/CUDA/CUDA/gig
[File: /home/bgibson/EclipseWorkspaces/CUDA/CUDA/gig/shared_bitmap_buggy_GKLEE.C, Line: 83, Inst:     ptr[offset*4 + 1] = shared[7-threadIdx.x][7-threadIdx.y];]
<_ZZ6kernelPhE6shared_block_0, 168, b0, t42> 
[GKLEE] Inst: 
Instruction Line: 83, In File: shared_bitmap_buggy_GKLEE.C, With Dir Path: /home/bgibson/EclipseWorkspaces/CUDA/CUDA/gig
[File: /home/bgibson/EclipseWorkspaces/CUDA/CUDA/gig/shared_bitmap_buggy_GKLEE.C, Line: 83, Inst:     ptr[offset*4 + 1] = shared[7-threadIdx.x][7-threadIdx.y];]
<_ZZ6kernelPhE6shared_block_0, 40, b0, t46> 

GKLEE: ***************************************************

GKLEE: ********** CAPACITY 2.x Bank Conflict *************

GKLEE: Threads 43 and 47 incur a R-R bank conflict on bank 2
[GKLEE] Inst: 
Instruction Line: 83, In File: shared_bitmap_buggy_GKLEE.C, With Dir Path: /home/bgibson/EclipseWorkspaces/CUDA/CUDA/gig
[File: /home/bgibson/EclipseWorkspaces/CUDA/CUDA/gig/shared_bitmap_buggy_GKLEE.C, Line: 83, Inst:     ptr[offset*4 + 1] = shared[7-threadIdx.x][7-threadIdx.y];]
<_ZZ6kernelPhE6shared_block_0, 136, b0, t43> 
[GKLEE] Inst: 
Instruction Line: 83, In File: shared_bitmap_buggy_GKLEE.C, With Dir Path: /home/bgibson/EclipseWorkspaces/CUDA/CUDA/gig
[File: /home/bgibson/EclipseWorkspaces/CUDA/CUDA/gig/shared_bitmap_buggy_GKLEE.C, Line: 83, Inst:     ptr[offset*4 + 1] = shared[7-threadIdx.x][7-threadIdx.y];]
<_ZZ6kernelPhE6shared_block_0, 8, b0, t47> 

GKLEE: ***************************************************

GKLEE: ********** CAPACITY 2.x Bank Conflict *************

GKLEE: Threads 48 and 52 incur a R-R bank conflict on bank 25
[GKLEE] Inst: 
Instruction Line: 83, In File: shared_bitmap_buggy_GKLEE.C, With Dir Path: /home/bgibson/EclipseWorkspaces/CUDA/CUDA/gig
[File: /home/bgibson/EclipseWorkspaces/CUDA/CUDA/gig/shared_bitmap_buggy_GKLEE.C, Line: 83, Inst:     ptr[offset*4 + 1] = shared[7-threadIdx.x][7-threadIdx.y];]
<_ZZ6kernelPhE6shared_block_0, 228, b0, t48> 
[GKLEE] Inst: 
Instruction Line: 83, In File: shared_bitmap_buggy_GKLEE.C, With Dir Path: /home/bgibson/EclipseWorkspaces/CUDA/CUDA/gig
[File: /home/bgibson/EclipseWorkspaces/CUDA/CUDA/gig/shared_bitmap_buggy_GKLEE.C, Line: 83, Inst:     ptr[offset*4 + 1] = shared[7-threadIdx.x][7-threadIdx.y];]
<_ZZ6kernelPhE6shared_block_0, 100, b0, t52> 

GKLEE: ***************************************************

GKLEE: ********** CAPACITY 2.x Bank Conflict *************

GKLEE: Threads 49 and 53 incur a R-R bank conflict on bank 17
[GKLEE] Inst: 
Instruction Line: 83, In File: shared_bitmap_buggy_GKLEE.C, With Dir Path: /home/bgibson/EclipseWorkspaces/CUDA/CUDA/gig
[File: /home/bgibson/EclipseWorkspaces/CUDA/CUDA/gig/shared_bitmap_buggy_GKLEE.C, Line: 83, Inst:     ptr[offset*4 + 1] = shared[7-threadIdx.x][7-threadIdx.y];]
<_ZZ6kernelPhE6shared_block_0, 196, b0, t49> 
[GKLEE] Inst: 
Instruction Line: 83, In File: shared_bitmap_buggy_GKLEE.C, With Dir Path: /home/bgibson/EclipseWorkspaces/CUDA/CUDA/gig
[File: /home/bgibson/EclipseWorkspaces/CUDA/CUDA/gig/shared_bitmap_buggy_GKLEE.C, Line: 83, Inst:     ptr[offset*4 + 1] = shared[7-threadIdx.x][7-threadIdx.y];]
<_ZZ6kernelPhE6shared_block_0, 68, b0, t53> 

GKLEE: ***************************************************

GKLEE: ********** CAPACITY 2.x Bank Conflict *************

GKLEE: Threads 50 and 54 incur a R-R bank conflict on bank 9
[GKLEE] Inst: 
Instruction Line: 83, In File: shared_bitmap_buggy_GKLEE.C, With Dir Path: /home/bgibson/EclipseWorkspaces/CUDA/CUDA/gig
[File: /home/bgibson/EclipseWorkspaces/CUDA/CUDA/gig/shared_bitmap_buggy_GKLEE.C, Line: 83, Inst:     ptr[offset*4 + 1] = shared[7-threadIdx.x][7-threadIdx.y];]
<_ZZ6kernelPhE6shared_block_0, 164, b0, t50> 
[GKLEE] Inst: 
Instruction Line: 83, In File: shared_bitmap_buggy_GKLEE.C, With Dir Path: /home/bgibson/EclipseWorkspaces/CUDA/CUDA/gig
[File: /home/bgibson/EclipseWorkspaces/CUDA/CUDA/gig/shared_bitmap_buggy_GKLEE.C, Line: 83, Inst:     ptr[offset*4 + 1] = shared[7-threadIdx.x][7-threadIdx.y];]
<_ZZ6kernelPhE6shared_block_0, 36, b0, t54> 

GKLEE: ***************************************************

GKLEE: ********** CAPACITY 2.x Bank Conflict *************

GKLEE: Threads 51 and 55 incur a R-R bank conflict on bank 1
[GKLEE] Inst: 
Instruction Line: 83, In File: shared_bitmap_buggy_GKLEE.C, With Dir Path: /home/bgibson/EclipseWorkspaces/CUDA/CUDA/gig
[File: /home/bgibson/EclipseWorkspaces/CUDA/CUDA/gig/shared_bitmap_buggy_GKLEE.C, Line: 83, Inst:     ptr[offset*4 + 1] = shared[7-threadIdx.x][7-threadIdx.y];]
<_ZZ6kernelPhE6shared_block_0, 132, b0, t51> 
[GKLEE] Inst: 
Instruction Line: 83, In File: shared_bitmap_buggy_GKLEE.C, With Dir Path: /home/bgibson/EclipseWorkspaces/CUDA/CUDA/gig
[File: /home/bgibson/EclipseWorkspaces/CUDA/CUDA/gig/shared_bitmap_buggy_GKLEE.C, Line: 83, Inst:     ptr[offset*4 + 1] = shared[7-threadIdx.x][7-threadIdx.y];]
<_ZZ6kernelPhE6shared_block_0, 4, b0, t55> 

GKLEE: ***************************************************

GKLEE: ********** CAPACITY 2.x Bank Conflict *************

GKLEE: Threads 56 and 60 incur a R-R bank conflict on bank 24
[GKLEE] Inst: 
Instruction Line: 83, In File: shared_bitmap_buggy_GKLEE.C, With Dir Path: /home/bgibson/EclipseWorkspaces/CUDA/CUDA/gig
[File: /home/bgibson/EclipseWorkspaces/CUDA/CUDA/gig/shared_bitmap_buggy_GKLEE.C, Line: 83, Inst:     ptr[offset*4 + 1] = shared[7-threadIdx.x][7-threadIdx.y];]
<_ZZ6kernelPhE6shared_block_0, 224, b0, t56> 
[GKLEE] Inst: 
Instruction Line: 83, In File: shared_bitmap_buggy_GKLEE.C, With Dir Path: /home/bgibson/EclipseWorkspaces/CUDA/CUDA/gig
[File: /home/bgibson/EclipseWorkspaces/CUDA/CUDA/gig/shared_bitmap_buggy_GKLEE.C, Line: 83, Inst:     ptr[offset*4 + 1] = shared[7-threadIdx.x][7-threadIdx.y];]
<_ZZ6kernelPhE6shared_block_0, 96, b0, t60> 

GKLEE: ***************************************************

GKLEE: ********** CAPACITY 2.x Bank Conflict *************

GKLEE: Threads 57 and 61 incur a R-R bank conflict on bank 16
[GKLEE] Inst: 
Instruction Line: 83, In File: shared_bitmap_buggy_GKLEE.C, With Dir Path: /home/bgibson/EclipseWorkspaces/CUDA/CUDA/gig
[File: /home/bgibson/EclipseWorkspaces/CUDA/CUDA/gig/shared_bitmap_buggy_GKLEE.C, Line: 83, Inst:     ptr[offset*4 + 1] = shared[7-threadIdx.x][7-threadIdx.y];]
<_ZZ6kernelPhE6shared_block_0, 192, b0, t57> 
[GKLEE] Inst: 
Instruction Line: 83, In File: shared_bitmap_buggy_GKLEE.C, With Dir Path: /home/bgibson/EclipseWorkspaces/CUDA/CUDA/gig
[File: /home/bgibson/EclipseWorkspaces/CUDA/CUDA/gig/shared_bitmap_buggy_GKLEE.C, Line: 83, Inst:     ptr[offset*4 + 1] = shared[7-threadIdx.x][7-threadIdx.y];]
<_ZZ6kernelPhE6shared_block_0, 64, b0, t61> 

GKLEE: ***************************************************

GKLEE: ********** CAPACITY 2.x Bank Conflict *************

GKLEE: Threads 58 and 62 incur a R-R bank conflict on bank 8
[GKLEE] Inst: 
Instruction Line: 83, In File: shared_bitmap_buggy_GKLEE.C, With Dir Path: /home/bgibson/EclipseWorkspaces/CUDA/CUDA/gig
[File: /home/bgibson/EclipseWorkspaces/CUDA/CUDA/gig/shared_bitmap_buggy_GKLEE.C, Line: 83, Inst:     ptr[offset*4 + 1] = shared[7-threadIdx.x][7-threadIdx.y];]
<_ZZ6kernelPhE6shared_block_0, 160, b0, t58> 
[GKLEE] Inst: 
Instruction Line: 83, In File: shared_bitmap_buggy_GKLEE.C, With Dir Path: /home/bgibson/EclipseWorkspaces/CUDA/CUDA/gig
[File: /home/bgibson/EclipseWorkspaces/CUDA/CUDA/gig/shared_bitmap_buggy_GKLEE.C, Line: 83, Inst:     ptr[offset*4 + 1] = shared[7-threadIdx.x][7-threadIdx.y];]
<_ZZ6kernelPhE6shared_block_0, 32, b0, t62> 

GKLEE: ***************************************************

GKLEE: ********** CAPACITY 2.x Bank Conflict *************

GKLEE: Threads 59 and 63 incur a R-R bank conflict on bank 0
[GKLEE] Inst: 
Instruction Line: 83, In File: shared_bitmap_buggy_GKLEE.C, With Dir Path: /home/bgibson/EclipseWorkspaces/CUDA/CUDA/gig
[File: /home/bgibson/EclipseWorkspaces/CUDA/CUDA/gig/shared_bitmap_buggy_GKLEE.C, Line: 83, Inst:     ptr[offset*4 + 1] = shared[7-threadIdx.x][7-threadIdx.y];]
<_ZZ6kernelPhE6shared_block_0, 128, b0, t59> 
[GKLEE] Inst: 
Instruction Line: 83, In File: shared_bitmap_buggy_GKLEE.C, With Dir Path: /home/bgibson/EclipseWorkspaces/CUDA/CUDA/gig
[File: /home/bgibson/EclipseWorkspaces/CUDA/CUDA/gig/shared_bitmap_buggy_GKLEE.C, Line: 83, Inst:     ptr[offset*4 + 1] = shared[7-threadIdx.x][7-threadIdx.y];]
<_ZZ6kernelPhE6shared_block_0, 0, b0, t63> 

GKLEE: ***************************************************

GKLEE: ********** CAPACITY 2.x Bank Conflict *************

GKLEE: Threads 0 and 4 incur a W-W bank conflict on bank 0
[GKLEE] Inst: 
Instruction Line: 72, In File: shared_bitmap_buggy_GKLEE.C, With Dir Path: /home/bgibson/EclipseWorkspaces/CUDA/CUDA/gig
[File: /home/bgibson/EclipseWorkspaces/CUDA/CUDA/gig/shared_bitmap_buggy_GKLEE.C, Line: 72, Inst:                   (sinf(y*2.0f*PI/ period) + 1.0f) / 4.0f;]
<_ZZ6kernelPhE6shared_block_0, 0:1115619328, b0, t0> 
[GKLEE] Inst: 
Instruction Line: 72, In File: shared_bitmap_buggy_GKLEE.C, With Dir Path: /home/bgibson/EclipseWorkspaces/CUDA/CUDA/gig
[File: /home/bgibson/EclipseWorkspaces/CUDA/CUDA/gig/shared_bitmap_buggy_GKLEE.C, Line: 72, Inst:                   (sinf(y*2.0f*PI/ period) + 1.0f) / 4.0f;]
<_ZZ6kernelPhE6shared_block_0, 128:1117282239, b0, t4> 

GKLEE: ***************************************************

GKLEE: ********** CAPACITY 2.x Bank Conflict *************

GKLEE: Threads 1 and 5 incur a W-W bank conflict on bank 8
[GKLEE] Inst: 
Instruction Line: 72, In File: shared_bitmap_buggy_GKLEE.C, With Dir Path: /home/bgibson/EclipseWorkspaces/CUDA/CUDA/gig
[File: /home/bgibson/EclipseWorkspaces/CUDA/CUDA/gig/shared_bitmap_buggy_GKLEE.C, Line: 72, Inst:                   (sinf(y*2.0f*PI/ period) + 1.0f) / 4.0f;]
<_ZZ6kernelPhE6shared_block_0, 32:1116062098, b0, t1> 
[GKLEE] Inst: 
Instruction Line: 72, In File: shared_bitmap_buggy_GKLEE.C, With Dir Path: /home/bgibson/EclipseWorkspaces/CUDA/CUDA/gig
[File: /home/bgibson/EclipseWorkspaces/CUDA/CUDA/gig/shared_bitmap_buggy_GKLEE.C, Line: 72, Inst:                   (sinf(y*2.0f*PI/ period) + 1.0f) / 4.0f;]
<_ZZ6kernelPhE6shared_block_0, 160:1117682400, b0, t5> 

GKLEE: ***************************************************

GKLEE: ********** CAPACITY 2.x Bank Conflict *************

GKLEE: Threads 2 and 6 incur a W-W bank conflict on bank 16
[GKLEE] Inst: 
Instruction Line: 72, In File: shared_bitmap_buggy_GKLEE.C, With Dir Path: /home/bgibson/EclipseWorkspaces/CUDA/CUDA/gig
[File: /home/bgibson/EclipseWorkspaces/CUDA/CUDA/gig/shared_bitmap_buggy_GKLEE.C, Line: 72, Inst:                   (sinf(y*2.0f*PI/ period) + 1.0f) / 4.0f;]
<_ZZ6kernelPhE6shared_block_0, 64:1116471111, b0, t2> 
[GKLEE] Inst: 
Instruction Line: 72, In File: shared_bitmap_buggy_GKLEE.C, With Dir Path: /home/bgibson/EclipseWorkspaces/CUDA/CUDA/gig
[File: /home/bgibson/EclipseWorkspaces/CUDA/CUDA/gig/shared_bitmap_buggy_GKLEE.C, Line: 72, Inst:                   (sinf(y*2.0f*PI/ period) + 1.0f) / 4.0f;]
<_ZZ6kernelPhE6shared_block_0, 192:1118077668, b0, t6> 

GKLEE: ***************************************************

GKLEE: ********** CAPACITY 2.x Bank Conflict *************

GKLEE: Threads 3 and 7 incur a W-W bank conflict on bank 24
[GKLEE] Inst: 
Instruction Line: 72, In File: shared_bitmap_buggy_GKLEE.C, With Dir Path: /home/bgibson/EclipseWorkspaces/CUDA/CUDA/gig
[File: /home/bgibson/EclipseWorkspaces/CUDA/CUDA/gig/shared_bitmap_buggy_GKLEE.C, Line: 72, Inst:                   (sinf(y*2.0f*PI/ period) + 1.0f) / 4.0f;]
<_ZZ6kernelPhE6shared_block_0, 96:1116878152, b0, t3> 
[GKLEE] Inst: 
Instruction Line: 72, In File: shared_bitmap_buggy_GKLEE.C, With Dir Path: /home/bgibson/EclipseWorkspaces/CUDA/CUDA/gig
[File: /home/bgibson/EclipseWorkspaces/CUDA/CUDA/gig/shared_bitmap_buggy_GKLEE.C, Line: 72, Inst:                   (sinf(y*2.0f*PI/ period) + 1.0f) / 4.0f;]
<_ZZ6kernelPhE6shared_block_0, 224:1118467094, b0, t7> 

GKLEE: ***************************************************

GKLEE: ********** CAPACITY 2.x Bank Conflict *************

GKLEE: Threads 8 and 12 incur a W-W bank conflict on bank 1
[GKLEE] Inst: 
Instruction Line: 72, In File: shared_bitmap_buggy_GKLEE.C, With Dir Path: /home/bgibson/EclipseWorkspaces/CUDA/CUDA/gig
[File: /home/bgibson/EclipseWorkspaces/CUDA/CUDA/gig/shared_bitmap_buggy_GKLEE.C, Line: 72, Inst:                   (sinf(y*2.0f*PI/ period) + 1.0f) / 4.0f;]
<_ZZ6kernelPhE6shared_block_0, 4:1116062098, b0, t8> 
[GKLEE] Inst: 
Instruction Line: 72, In File: shared_bitmap_buggy_GKLEE.C, With Dir Path: /home/bgibson/EclipseWorkspaces/CUDA/CUDA/gig
[File: /home/bgibson/EclipseWorkspaces/CUDA/CUDA/gig/shared_bitmap_buggy_GKLEE.C, Line: 72, Inst:                   (sinf(y*2.0f*PI/ period) + 1.0f) / 4.0f;]
<_ZZ6kernelPhE6shared_block_0, 132:1117772229, b0, t12> 

GKLEE: ***************************************************

GKLEE: ********** CAPACITY 2.x Bank Conflict *************

GKLEE: Threads 9 and 13 incur a W-W bank conflict on bank 9
[GKLEE] Inst: 
Instruction Line: 72, In File: shared_bitmap_buggy_GKLEE.C, With Dir Path: /home/bgibson/EclipseWorkspaces/CUDA/CUDA/gig
[File: /home/bgibson/EclipseWorkspaces/CUDA/CUDA/gig/shared_bitmap_buggy_GKLEE.C, Line: 72, Inst:                   (sinf(y*2.0f*PI/ period) + 1.0f) / 4.0f;]
<_ZZ6kernelPhE6shared_block_0, 36:1116492218, b0, t9> 
[GKLEE] Inst: 
Instruction Line: 72, In File: shared_bitmap_buggy_GKLEE.C, With Dir Path: /home/bgibson/EclipseWorkspaces/CUDA/CUDA/gig
[File: /home/bgibson/EclipseWorkspaces/CUDA/CUDA/gig/shared_bitmap_buggy_GKLEE.C, Line: 72, Inst:                   (sinf(y*2.0f*PI/ period) + 1.0f) / 4.0f;]
<_ZZ6kernelPhE6shared_block_0, 164:1118192025, b0, t13> 

GKLEE: ***************************************************

GKLEE: ********** CAPACITY 2.x Bank Conflict *************

GKLEE: Threads 10 and 14 incur a W-W bank conflict on bank 17
[GKLEE] Inst: 
Instruction Line: 72, In File: shared_bitmap_buggy_GKLEE.C, With Dir Path: /home/bgibson/EclipseWorkspaces/CUDA/CUDA/gig
[File: /home/bgibson/EclipseWorkspaces/CUDA/CUDA/gig/shared_bitmap_buggy_GKLEE.C, Line: 72, Inst:                   (sinf(y*2.0f*PI/ period) + 1.0f) / 4.0f;]
<_ZZ6kernelPhE6shared_block_0, 68:1116921300, b0, t10> 
[GKLEE] Inst: 
Instruction Line: 72, In File: shared_bitmap_buggy_GKLEE.C, With Dir Path: /home/bgibson/EclipseWorkspaces/CUDA/CUDA/gig
[File: /home/bgibson/EclipseWorkspaces/CUDA/CUDA/gig/shared_bitmap_buggy_GKLEE.C, Line: 72, Inst:                   (sinf(y*2.0f*PI/ period) + 1.0f) / 4.0f;]
<_ZZ6kernelPhE6shared_block_0, 196:1118606687, b0, t14> 

GKLEE: ***************************************************

GKLEE: ********** CAPACITY 2.x Bank Conflict *************

GKLEE: Threads 11 and 15 incur a W-W bank conflict on bank 25
[GKLEE] Inst: 
Instruction Line: 72, In File: shared_bitmap_buggy_GKLEE.C, With Dir Path: /home/bgibson/EclipseWorkspaces/CUDA/CUDA/gig
[File: /home/bgibson/EclipseWorkspaces/CUDA/CUDA/gig/shared_bitmap_buggy_GKLEE.C, Line: 72, Inst:                   (sinf(y*2.0f*PI/ period) + 1.0f) / 4.0f;]
<_ZZ6kernelPhE6shared_block_0, 100:1117348314, b0, t11> 
[GKLEE] Inst: 
Instruction Line: 72, In File: shared_bitmap_buggy_GKLEE.C, With Dir Path: /home/bgibson/EclipseWorkspaces/CUDA/CUDA/gig
[File: /home/bgibson/EclipseWorkspaces/CUDA/CUDA/gig/shared_bitmap_buggy_GKLEE.C, Line: 72, Inst:                   (sinf(y*2.0f*PI/ period) + 1.0f) / 4.0f;]
<_ZZ6kernelPhE6shared_block_0, 228:1119015222, b0, t15> 

GKLEE: ***************************************************

GKLEE: ********** CAPACITY 2.x Bank Conflict *************

GKLEE: Threads 16 and 20 incur a W-W bank conflict on bank 2
[GKLEE] Inst: 
Instruction Line: 72, In File: shared_bitmap_buggy_GKLEE.C, With Dir Path: /home/bgibson/EclipseWorkspaces/CUDA/CUDA/gig
[File: /home/bgibson/EclipseWorkspaces/CUDA/CUDA/gig/shared_bitmap_buggy_GKLEE.C, Line: 72, Inst:                   (sinf(y*2.0f*PI/ period) + 1.0f) / 4.0f;]
<_ZZ6kernelPhE6shared_block_0, 8:1116471111, b0, t16> 
[GKLEE] Inst: 
Instruction Line: 72, In File: shared_bitmap_buggy_GKLEE.C, With Dir Path: /home/bgibson/EclipseWorkspaces/CUDA/CUDA/gig
[File: /home/bgibson/EclipseWorkspaces/CUDA/CUDA/gig/shared_bitmap_buggy_GKLEE.C, Line: 72, Inst:                   (sinf(y*2.0f*PI/ period) + 1.0f) / 4.0f;]
<_ZZ6kernelPhE6shared_block_0, 136:1118261036, b0, t20> 

GKLEE: ***************************************************

GKLEE: ********** CAPACITY 2.x Bank Conflict *************

GKLEE: Threads 17 and 21 incur a W-W bank conflict on bank 10
[GKLEE] Inst: 
Instruction Line: 72, In File: shared_bitmap_buggy_GKLEE.C, With Dir Path: /home/bgibson/EclipseWorkspaces/CUDA/CUDA/gig
[File: /home/bgibson/EclipseWorkspaces/CUDA/CUDA/gig/shared_bitmap_buggy_GKLEE.C, Line: 72, Inst:                   (sinf(y*2.0f*PI/ period) + 1.0f) / 4.0f;]
<_ZZ6kernelPhE6shared_block_0, 40:1116921300, b0, t17> 
[GKLEE] Inst: 
Instruction Line: 72, In File: shared_bitmap_buggy_GKLEE.C, With Dir Path: /home/bgibson/EclipseWorkspaces/CUDA/CUDA/gig
[File: /home/bgibson/EclipseWorkspaces/CUDA/CUDA/gig/shared_bitmap_buggy_GKLEE.C, Line: 72, Inst:                   (sinf(y*2.0f*PI/ period) + 1.0f) / 4.0f;]
<_ZZ6kernelPhE6shared_block_0, 168:1118700420, b0, t21> 

GKLEE: ***************************************************

GKLEE: ********** CAPACITY 2.x Bank Conflict *************

GKLEE: Threads 18 and 22 incur a W-W bank conflict on bank 18
[GKLEE] Inst: 
Instruction Line: 72, In File: shared_bitmap_buggy_GKLEE.C, With Dir Path: /home/bgibson/EclipseWorkspaces/CUDA/CUDA/gig
[File: /home/bgibson/EclipseWorkspaces/CUDA/CUDA/gig/shared_bitmap_buggy_GKLEE.C, Line: 72, Inst:                   (sinf(y*2.0f*PI/ period) + 1.0f) / 4.0f;]
<_ZZ6kernelPhE6shared_block_0, 72:1117370404, b0, t18> 
[GKLEE] Inst: 
Instruction Line: 72, In File: shared_bitmap_buggy_GKLEE.C, With Dir Path: /home/bgibson/EclipseWorkspaces/CUDA/CUDA/gig
[File: /home/bgibson/EclipseWorkspaces/CUDA/CUDA/gig/shared_bitmap_buggy_GKLEE.C, Line: 72, Inst:                   (sinf(y*2.0f*PI/ period) + 1.0f) / 4.0f;]
<_ZZ6kernelPhE6shared_block_0, 200:1119134431, b0, t22> 

GKLEE: ***************************************************

GKLEE: ********** CAPACITY 2.x Bank Conflict *************

GKLEE: Threads 19 and 23 incur a W-W bank conflict on bank 26
[GKLEE] Inst: 
Instruction Line: 72, In File: shared_bitmap_buggy_GKLEE.C, With Dir Path: /home/bgibson/EclipseWorkspaces/CUDA/CUDA/gig
[File: /home/bgibson/EclipseWorkspaces/CUDA/CUDA/gig/shared_bitmap_buggy_GKLEE.C, Line: 72, Inst:                   (sinf(y*2.0f*PI/ period) + 1.0f) / 4.0f;]
<_ZZ6kernelPhE6shared_block_0, 104:1117817342, b0, t19> 
[GKLEE] Inst: 
Instruction Line: 72, In File: shared_bitmap_buggy_GKLEE.C, With Dir Path: /home/bgibson/EclipseWorkspaces/CUDA/CUDA/gig
[File: /home/bgibson/EclipseWorkspaces/CUDA/CUDA/gig/shared_bitmap_buggy_GKLEE.C, Line: 72, Inst:                   (sinf(y*2.0f*PI/ period) + 1.0f) / 4.0f;]
<_ZZ6kernelPhE6shared_block_0, 232:1119562027, b0, t23> 

GKLEE: ***************************************************

GKLEE: ********** CAPACITY 2.x Bank Conflict *************

GKLEE: Threads 24 and 28 incur a W-W bank conflict on bank 3
[GKLEE] Inst: 
Instruction Line: 72, In File: shared_bitmap_buggy_GKLEE.C, With Dir Path: /home/bgibson/EclipseWorkspaces/CUDA/CUDA/gig
[File: /home/bgibson/EclipseWorkspaces/CUDA/CUDA/gig/shared_bitmap_buggy_GKLEE.C, Line: 72, Inst:                   (sinf(y*2.0f*PI/ period) + 1.0f) / 4.0f;]
<_ZZ6kernelPhE6shared_block_0, 12:1116878152, b0, t24> 
[GKLEE] Inst: 
Instruction Line: 72, In File: shared_bitmap_buggy_GKLEE.C, With Dir Path: /home/bgibson/EclipseWorkspaces/CUDA/CUDA/gig
[File: /home/bgibson/EclipseWorkspaces/CUDA/CUDA/gig/shared_bitmap_buggy_GKLEE.C, Line: 72, Inst:                   (sinf(y*2.0f*PI/ period) + 1.0f) / 4.0f;]
<_ZZ6kernelPhE6shared_block_0, 140:1118747487, b0, t28> 

GKLEE: ***************************************************

GKLEE: ********** CAPACITY 2.x Bank Conflict *************

GKLEE: Threads 25 and 29 incur a W-W bank conflict on bank 11
[GKLEE] Inst: 
Instruction Line: 72, In File: shared_bitmap_buggy_GKLEE.C, With Dir Path: /home/bgibson/EclipseWorkspaces/CUDA/CUDA/gig
[File: /home/bgibson/EclipseWorkspaces/CUDA/CUDA/gig/shared_bitmap_buggy_GKLEE.C, Line: 72, Inst:                   (sinf(y*2.0f*PI/ period) + 1.0f) / 4.0f;]
<_ZZ6kernelPhE6shared_block_0, 44:1117348314, b0, t25> 
[GKLEE] Inst: 
Instruction Line: 72, In File: shared_bitmap_buggy_GKLEE.C, With Dir Path: /home/bgibson/EclipseWorkspaces/CUDA/CUDA/gig
[File: /home/bgibson/EclipseWorkspaces/CUDA/CUDA/gig/shared_bitmap_buggy_GKLEE.C, Line: 72, Inst:                   (sinf(y*2.0f*PI/ period) + 1.0f) / 4.0f;]
<_ZZ6kernelPhE6shared_block_0, 172:1119206363, b0, t29> 

GKLEE: ***************************************************

GKLEE: ********** CAPACITY 2.x Bank Conflict *************

GKLEE: Threads 26 and 30 incur a W-W bank conflict on bank 19
[GKLEE] Inst: 
Instruction Line: 72, In File: shared_bitmap_buggy_GKLEE.C, With Dir Path: /home/bgibson/EclipseWorkspaces/CUDA/CUDA/gig
[File: /home/bgibson/EclipseWorkspaces/CUDA/CUDA/gig/shared_bitmap_buggy_GKLEE.C, Line: 72, Inst:                   (sinf(y*2.0f*PI/ period) + 1.0f) / 4.0f;]
<_ZZ6kernelPhE6shared_block_0, 76:1117817341, b0, t26> 
[GKLEE] Inst: 
Instruction Line: 72, In File: shared_bitmap_buggy_GKLEE.C, With Dir Path: /home/bgibson/EclipseWorkspaces/CUDA/CUDA/gig
[File: /home/bgibson/EclipseWorkspaces/CUDA/CUDA/gig/shared_bitmap_buggy_GKLEE.C, Line: 72, Inst:                   (sinf(y*2.0f*PI/ period) + 1.0f) / 4.0f;]
<_ZZ6kernelPhE6shared_block_0, 204:1119659629, b0, t30> 

GKLEE: ***************************************************

GKLEE: ********** CAPACITY 2.x Bank Conflict *************

GKLEE: Threads 27 and 31 incur a W-W bank conflict on bank 27
[GKLEE] Inst: 
Instruction Line: 72, In File: shared_bitmap_buggy_GKLEE.C, With Dir Path: /home/bgibson/EclipseWorkspaces/CUDA/CUDA/gig
[File: /home/bgibson/EclipseWorkspaces/CUDA/CUDA/gig/shared_bitmap_buggy_GKLEE.C, Line: 72, Inst:                   (sinf(y*2.0f*PI/ period) + 1.0f) / 4.0f;]
<_ZZ6kernelPhE6shared_block_0, 108:1118284108, b0, t27> 
[GKLEE] Inst: 
Instruction Line: 72, In File: shared_bitmap_buggy_GKLEE.C, With Dir Path: /home/bgibson/EclipseWorkspaces/CUDA/CUDA/gig
[File: /home/bgibson/EclipseWorkspaces/CUDA/CUDA/gig/shared_bitmap_buggy_GKLEE.C, Line: 72, Inst:                   (sinf(y*2.0f*PI/ period) + 1.0f) / 4.0f;]
<_ZZ6kernelPhE6shared_block_0, 236:1120106196, b0, t31> 

GKLEE: ***************************************************

GKLEE: ********** CAPACITY 2.x Bank Conflict *************

GKLEE: Threads 32 and 36 incur a W-W bank conflict on bank 4
[GKLEE] Inst: 
Instruction Line: 72, In File: shared_bitmap_buggy_GKLEE.C, With Dir Path: /home/bgibson/EclipseWorkspaces/CUDA/CUDA/gig
[File: /home/bgibson/EclipseWorkspaces/CUDA/CUDA/gig/shared_bitmap_buggy_GKLEE.C, Line: 72, Inst:                   (sinf(y*2.0f*PI/ period) + 1.0f) / 4.0f;]
<_ZZ6kernelPhE6shared_block_0, 16:1117282239, b0, t32> 
[GKLEE] Inst: 
Instruction Line: 72, In File: shared_bitmap_buggy_GKLEE.C, With Dir Path: /home/bgibson/EclipseWorkspaces/CUDA/CUDA/gig
[File: /home/bgibson/EclipseWorkspaces/CUDA/CUDA/gig/shared_bitmap_buggy_GKLEE.C, Line: 72, Inst:                   (sinf(y*2.0f*PI/ period) + 1.0f) / 4.0f;]
<_ZZ6kernelPhE6shared_block_0, 144:1119230407, b0, t36> 

GKLEE: ***************************************************

GKLEE: ********** CAPACITY 2.x Bank Conflict *************

GKLEE: Threads 33 and 37 incur a W-W bank conflict on bank 12
[GKLEE] Inst: 
Instruction Line: 72, In File: shared_bitmap_buggy_GKLEE.C, With Dir Path: /home/bgibson/EclipseWorkspaces/CUDA/CUDA/gig
[File: /home/bgibson/EclipseWorkspaces/CUDA/CUDA/gig/shared_bitmap_buggy_GKLEE.C, Line: 72, Inst:                   (sinf(y*2.0f*PI/ period) + 1.0f) / 4.0f;]
<_ZZ6kernelPhE6shared_block_0, 48:1117772229, b0, t33> 
[GKLEE] Inst: 
Instruction Line: 72, In File: shared_bitmap_buggy_GKLEE.C, With Dir Path: /home/bgibson/EclipseWorkspaces/CUDA/CUDA/gig
[File: /home/bgibson/EclipseWorkspaces/CUDA/CUDA/gig/shared_bitmap_buggy_GKLEE.C, Line: 72, Inst:                   (sinf(y*2.0f*PI/ period) + 1.0f) / 4.0f;]
<_ZZ6kernelPhE6shared_block_0, 176:1119708636, b0, t37> 

GKLEE: ***************************************************

GKLEE: ********** CAPACITY 2.x Bank Conflict *************

GKLEE: Threads 34 and 38 incur a W-W bank conflict on bank 20
[GKLEE] Inst: 
Instruction Line: 72, In File: shared_bitmap_buggy_GKLEE.C, With Dir Path: /home/bgibson/EclipseWorkspaces/CUDA/CUDA/gig
[File: /home/bgibson/EclipseWorkspaces/CUDA/CUDA/gig/shared_bitmap_buggy_GKLEE.C, Line: 72, Inst:                   (sinf(y*2.0f*PI/ period) + 1.0f) / 4.0f;]
<_ZZ6kernelPhE6shared_block_0, 80:1118261036, b0, t34> 
[GKLEE] Inst: 
Instruction Line: 72, In File: shared_bitmap_buggy_GKLEE.C, With Dir Path: /home/bgibson/EclipseWorkspaces/CUDA/CUDA/gig
[File: /home/bgibson/EclipseWorkspaces/CUDA/CUDA/gig/shared_bitmap_buggy_GKLEE.C, Line: 72, Inst:                   (sinf(y*2.0f*PI/ period) + 1.0f) / 4.0f;]
<_ZZ6kernelPhE6shared_block_0, 208:1120181017, b0, t38> 

GKLEE: ***************************************************

GKLEE: ********** CAPACITY 2.x Bank Conflict *************

GKLEE: Threads 35 and 39 incur a W-W bank conflict on bank 28
[GKLEE] Inst: 
Instruction Line: 72, In File: shared_bitmap_buggy_GKLEE.C, With Dir Path: /home/bgibson/EclipseWorkspaces/CUDA/CUDA/gig
[File: /home/bgibson/EclipseWorkspaces/CUDA/CUDA/gig/shared_bitmap_buggy_GKLEE.C, Line: 72, Inst:                   (sinf(y*2.0f*PI/ period) + 1.0f) / 4.0f;]
<_ZZ6kernelPhE6shared_block_0, 112:1118747487, b0, t35> 
[GKLEE] Inst: 
Instruction Line: 72, In File: shared_bitmap_buggy_GKLEE.C, With Dir Path: /home/bgibson/EclipseWorkspaces/CUDA/CUDA/gig
[File: /home/bgibson/EclipseWorkspaces/CUDA/CUDA/gig/shared_bitmap_buggy_GKLEE.C, Line: 72, Inst:                   (sinf(y*2.0f*PI/ period) + 1.0f) / 4.0f;]
<_ZZ6kernelPhE6shared_block_0, 240:1120646416, b0, t39> 

GKLEE: ***************************************************

GKLEE: ********** CAPACITY 2.x Bank Conflict *************

GKLEE: Threads 40 and 44 incur a W-W bank conflict on bank 5
[GKLEE] Inst: 
Instruction Line: 72, In File: shared_bitmap_buggy_GKLEE.C, With Dir Path: /home/bgibson/EclipseWorkspaces/CUDA/CUDA/gig
[File: /home/bgibson/EclipseWorkspaces/CUDA/CUDA/gig/shared_bitmap_buggy_GKLEE.C, Line: 72, Inst:                   (sinf(y*2.0f*PI/ period) + 1.0f) / 4.0f;]
<_ZZ6kernelPhE6shared_block_0, 20:1117682400, b0, t40> 
[GKLEE] Inst: 
Instruction Line: 72, In File: shared_bitmap_buggy_GKLEE.C, With Dir Path: /home/bgibson/EclipseWorkspaces/CUDA/CUDA/gig
[File: /home/bgibson/EclipseWorkspaces/CUDA/CUDA/gig/shared_bitmap_buggy_GKLEE.C, Line: 72, Inst:                   (sinf(y*2.0f*PI/ period) + 1.0f) / 4.0f;]
<_ZZ6kernelPhE6shared_block_0, 148:1119708636, b0, t44> 

GKLEE: ***************************************************

GKLEE: ********** CAPACITY 2.x Bank Conflict *************

GKLEE: Threads 41 and 45 incur a W-W bank conflict on bank 13
[GKLEE] Inst: 
Instruction Line: 72, In File: shared_bitmap_buggy_GKLEE.C, With Dir Path: /home/bgibson/EclipseWorkspaces/CUDA/CUDA/gig
[File: /home/bgibson/EclipseWorkspaces/CUDA/CUDA/gig/shared_bitmap_buggy_GKLEE.C, Line: 72, Inst:                   (sinf(y*2.0f*PI/ period) + 1.0f) / 4.0f;]
<_ZZ6kernelPhE6shared_block_0, 52:1118192024, b0, t41> 
[GKLEE] Inst: 
Instruction Line: 72, In File: shared_bitmap_buggy_GKLEE.C, With Dir Path: /home/bgibson/EclipseWorkspaces/CUDA/CUDA/gig
[File: /home/bgibson/EclipseWorkspaces/CUDA/CUDA/gig/shared_bitmap_buggy_GKLEE.C, Line: 72, Inst:                   (sinf(y*2.0f*PI/ period) + 1.0f) / 4.0f;]
<_ZZ6kernelPhE6shared_block_0, 180:1120206028, b0, t45> 

GKLEE: ***************************************************

GKLEE: ********** CAPACITY 2.x Bank Conflict *************

GKLEE: Threads 42 and 46 incur a W-W bank conflict on bank 21
[GKLEE] Inst: 
Instruction Line: 72, In File: shared_bitmap_buggy_GKLEE.C, With Dir Path: /home/bgibson/EclipseWorkspaces/CUDA/CUDA/gig
[File: /home/bgibson/EclipseWorkspaces/CUDA/CUDA/gig/shared_bitmap_buggy_GKLEE.C, Line: 72, Inst:                   (sinf(y*2.0f*PI/ period) + 1.0f) / 4.0f;]
<_ZZ6kernelPhE6shared_block_0, 84:1118700419, b0, t42> 
[GKLEE] Inst: 
Instruction Line: 72, In File: shared_bitmap_buggy_GKLEE.C, With Dir Path: /home/bgibson/EclipseWorkspaces/CUDA/CUDA/gig
[File: /home/bgibson/EclipseWorkspaces/CUDA/CUDA/gig/shared_bitmap_buggy_GKLEE.C, Line: 72, Inst:                   (sinf(y*2.0f*PI/ period) + 1.0f) / 4.0f;]
<_ZZ6kernelPhE6shared_block_0, 212:1120697338, b0, t46> 

GKLEE: ***************************************************

GKLEE: ********** CAPACITY 2.x Bank Conflict *************

GKLEE: Threads 43 and 47 incur a W-W bank conflict on bank 29
[GKLEE] Inst: 
Instruction Line: 72, In File: shared_bitmap_buggy_GKLEE.C, With Dir Path: /home/bgibson/EclipseWorkspaces/CUDA/CUDA/gig
[File: /home/bgibson/EclipseWorkspaces/CUDA/CUDA/gig/shared_bitmap_buggy_GKLEE.C, Line: 72, Inst:                   (sinf(y*2.0f*PI/ period) + 1.0f) / 4.0f;]
<_ZZ6kernelPhE6shared_block_0, 116:1119206363, b0, t43> 
[GKLEE] Inst: 
Instruction Line: 72, In File: shared_bitmap_buggy_GKLEE.C, With Dir Path: /home/bgibson/EclipseWorkspaces/CUDA/CUDA/gig
[File: /home/bgibson/EclipseWorkspaces/CUDA/CUDA/gig/shared_bitmap_buggy_GKLEE.C, Line: 72, Inst:                   (sinf(y*2.0f*PI/ period) + 1.0f) / 4.0f;]
<_ZZ6kernelPhE6shared_block_0, 244:1121181387, b0, t47> 

GKLEE: ***************************************************

GKLEE: ********** CAPACITY 2.x Bank Conflict *************

GKLEE: Threads 48 and 52 incur a W-W bank conflict on bank 6
[GKLEE] Inst: 
Instruction Line: 72, In File: shared_bitmap_buggy_GKLEE.C, With Dir Path: /home/bgibson/EclipseWorkspaces/CUDA/CUDA/gig
[File: /home/bgibson/EclipseWorkspaces/CUDA/CUDA/gig/shared_bitmap_buggy_GKLEE.C, Line: 72, Inst:                   (sinf(y*2.0f*PI/ period) + 1.0f) / 4.0f;]
<_ZZ6kernelPhE6shared_block_0, 24:1118077668, b0, t48> 
[GKLEE] Inst: 
Instruction Line: 72, In File: shared_bitmap_buggy_GKLEE.C, With Dir Path: /home/bgibson/EclipseWorkspaces/CUDA/CUDA/gig
[File: /home/bgibson/EclipseWorkspaces/CUDA/CUDA/gig/shared_bitmap_buggy_GKLEE.C, Line: 72, Inst:                   (sinf(y*2.0f*PI/ period) + 1.0f) / 4.0f;]
<_ZZ6kernelPhE6shared_block_0, 152:1120181016, b0, t52> 

GKLEE: ***************************************************

GKLEE: ********** CAPACITY 2.x Bank Conflict *************

GKLEE: Threads 49 and 53 incur a W-W bank conflict on bank 14
[GKLEE] Inst: 
Instruction Line: 72, In File: shared_bitmap_buggy_GKLEE.C, With Dir Path: /home/bgibson/EclipseWorkspaces/CUDA/CUDA/gig
[File: /home/bgibson/EclipseWorkspaces/CUDA/CUDA/gig/shared_bitmap_buggy_GKLEE.C, Line: 72, Inst:                   (sinf(y*2.0f*PI/ period) + 1.0f) / 4.0f;]
<_ZZ6kernelPhE6shared_block_0, 56:1118606687, b0, t49> 
[GKLEE] Inst: 
Instruction Line: 72, In File: shared_bitmap_buggy_GKLEE.C, With Dir Path: /home/bgibson/EclipseWorkspaces/CUDA/CUDA/gig
[File: /home/bgibson/EclipseWorkspaces/CUDA/CUDA/gig/shared_bitmap_buggy_GKLEE.C, Line: 72, Inst:                   (sinf(y*2.0f*PI/ period) + 1.0f) / 4.0f;]
<_ZZ6kernelPhE6shared_block_0, 184:1120697338, b0, t53> 

GKLEE: ***************************************************

GKLEE: ********** CAPACITY 2.x Bank Conflict *************

GKLEE: Threads 50 and 54 incur a W-W bank conflict on bank 22
[GKLEE] Inst: 
Instruction Line: 72, In File: shared_bitmap_buggy_GKLEE.C, With Dir Path: /home/bgibson/EclipseWorkspaces/CUDA/CUDA/gig
[File: /home/bgibson/EclipseWorkspaces/CUDA/CUDA/gig/shared_bitmap_buggy_GKLEE.C, Line: 72, Inst:                   (sinf(y*2.0f*PI/ period) + 1.0f) / 4.0f;]
<_ZZ6kernelPhE6shared_block_0, 88:1119134430, b0, t50> 
[GKLEE] Inst: 
Instruction Line: 72, In File: shared_bitmap_buggy_GKLEE.C, With Dir Path: /home/bgibson/EclipseWorkspaces/CUDA/CUDA/gig
[File: /home/bgibson/EclipseWorkspaces/CUDA/CUDA/gig/shared_bitmap_buggy_GKLEE.C, Line: 72, Inst:                   (sinf(y*2.0f*PI/ period) + 1.0f) / 4.0f;]
<_ZZ6kernelPhE6shared_block_0, 216:1121207346, b0, t54> 

GKLEE: ***************************************************

GKLEE: ********** CAPACITY 2.x Bank Conflict *************

GKLEE: Threads 51 and 55 incur a W-W bank conflict on bank 30
[GKLEE] Inst: 
Instruction Line: 72, In File: shared_bitmap_buggy_GKLEE.C, With Dir Path: /home/bgibson/EclipseWorkspaces/CUDA/CUDA/gig
[File: /home/bgibson/EclipseWorkspaces/CUDA/CUDA/gig/shared_bitmap_buggy_GKLEE.C, Line: 72, Inst:                   (sinf(y*2.0f*PI/ period) + 1.0f) / 4.0f;]
<_ZZ6kernelPhE6shared_block_0, 120:1119659629, b0, t51> 
[GKLEE] Inst: 
Instruction Line: 72, In File: shared_bitmap_buggy_GKLEE.C, With Dir Path: /home/bgibson/EclipseWorkspaces/CUDA/CUDA/gig
[File: /home/bgibson/EclipseWorkspaces/CUDA/CUDA/gig/shared_bitmap_buggy_GKLEE.C, Line: 72, Inst:                   (sinf(y*2.0f*PI/ period) + 1.0f) / 4.0f;]
<_ZZ6kernelPhE6shared_block_0, 248:1121709817, b0, t55> 

GKLEE: ***************************************************

GKLEE: ********** CAPACITY 2.x Bank Conflict *************

GKLEE: Threads 56 and 60 incur a W-W bank conflict on bank 7
[GKLEE] Inst: 
Instruction Line: 72, In File: shared_bitmap_buggy_GKLEE.C, With Dir Path: /home/bgibson/EclipseWorkspaces/CUDA/CUDA/gig
[File: /home/bgibson/EclipseWorkspaces/CUDA/CUDA/gig/shared_bitmap_buggy_GKLEE.C, Line: 72, Inst:                   (sinf(y*2.0f*PI/ period) + 1.0f) / 4.0f;]
<_ZZ6kernelPhE6shared_block_0, 28:1118467094, b0, t56> 
[GKLEE] Inst: 
Instruction Line: 72, In File: shared_bitmap_buggy_GKLEE.C, With Dir Path: /home/bgibson/EclipseWorkspaces/CUDA/CUDA/gig
[File: /home/bgibson/EclipseWorkspaces/CUDA/CUDA/gig/shared_bitmap_buggy_GKLEE.C, Line: 72, Inst:                   (sinf(y*2.0f*PI/ period) + 1.0f) / 4.0f;]
<_ZZ6kernelPhE6shared_block_0, 156:1120646415, b0, t60> 

GKLEE: ***************************************************

GKLEE: ********** CAPACITY 2.x Bank Conflict *************

GKLEE: Threads 57 and 61 incur a W-W bank conflict on bank 15
[GKLEE] Inst: 
Instruction Line: 72, In File: shared_bitmap_buggy_GKLEE.C, With Dir Path: /home/bgibson/EclipseWorkspaces/CUDA/CUDA/gig
[File: /home/bgibson/EclipseWorkspaces/CUDA/CUDA/gig/shared_bitmap_buggy_GKLEE.C, Line: 72, Inst:                   (sinf(y*2.0f*PI/ period) + 1.0f) / 4.0f;]
<_ZZ6kernelPhE6shared_block_0, 60:1119015221, b0, t57> 
[GKLEE] Inst: 
Instruction Line: 72, In File: shared_bitmap_buggy_GKLEE.C, With Dir Path: /home/bgibson/EclipseWorkspaces/CUDA/CUDA/gig
[File: /home/bgibson/EclipseWorkspaces/CUDA/CUDA/gig/shared_bitmap_buggy_GKLEE.C, Line: 72, Inst:                   (sinf(y*2.0f*PI/ period) + 1.0f) / 4.0f;]
<_ZZ6kernelPhE6shared_block_0, 188:1121181387, b0, t61> 

GKLEE: ***************************************************

GKLEE: ********** CAPACITY 2.x Bank Conflict *************

GKLEE: Threads 58 and 62 incur a W-W bank conflict on bank 23
[GKLEE] Inst: 
Instruction Line: 72, In File: shared_bitmap_buggy_GKLEE.C, With Dir Path: /home/bgibson/EclipseWorkspaces/CUDA/CUDA/gig
[File: /home/bgibson/EclipseWorkspaces/CUDA/CUDA/gig/shared_bitmap_buggy_GKLEE.C, Line: 72, Inst:                   (sinf(y*2.0f*PI/ period) + 1.0f) / 4.0f;]
<_ZZ6kernelPhE6shared_block_0, 92:1119562027, b0, t58> 
[GKLEE] Inst: 
Instruction Line: 72, In File: shared_bitmap_buggy_GKLEE.C, With Dir Path: /home/bgibson/EclipseWorkspaces/CUDA/CUDA/gig
[File: /home/bgibson/EclipseWorkspaces/CUDA/CUDA/gig/shared_bitmap_buggy_GKLEE.C, Line: 72, Inst:                   (sinf(y*2.0f*PI/ period) + 1.0f) / 4.0f;]
<_ZZ6kernelPhE6shared_block_0, 220:1121709816, b0, t62> 

GKLEE: ***************************************************

GKLEE: ********** CAPACITY 2.x Bank Conflict *************

GKLEE: Threads 59 and 63 incur a W-W bank conflict on bank 31
[GKLEE] Inst: 
Instruction Line: 72, In File: shared_bitmap_buggy_GKLEE.C, With Dir Path: /home/bgibson/EclipseWorkspaces/CUDA/CUDA/gig
[File: /home/bgibson/EclipseWorkspaces/CUDA/CUDA/gig/shared_bitmap_buggy_GKLEE.C, Line: 72, Inst:                   (sinf(y*2.0f*PI/ period) + 1.0f) / 4.0f;]
<_ZZ6kernelPhE6shared_block_0, 124:1120106196, b0, t59> 
[GKLEE] Inst: 
Instruction Line: 72, In File: shared_bitmap_buggy_GKLEE.C, With Dir Path: /home/bgibson/EclipseWorkspaces/CUDA/CUDA/gig
[File: /home/bgibson/EclipseWorkspaces/CUDA/CUDA/gig/shared_bitmap_buggy_GKLEE.C, Line: 72, Inst:                   (sinf(y*2.0f*PI/ period) + 1.0f) / 4.0f;]
<_ZZ6kernelPhE6shared_block_0, 252:1122230436, b0, t63> 

GKLEE: ***************************************************

********************************* Start checking memory coalescing at DeviceMemory at capability: 2.x... *************************************

GKLEE: The read set for memory coalescing cap 2 is empty

GKLEE: ********** CAPACITY 2.x Inst By Whole Warp ( 1 ) *************

GKLEE: CAPACITY 2.x: the word size can not be recognized, so quit the checking procedure!

********************************* Start checking warp divergence ****************************
In warp 0, threads are diverged into following sub-sets: 
Set 0:
Thread 0 , Thread 1 , Thread 2 , Thread 3 , Thread 4 , Thread 5 , Thread 6 , Thread 7 , Thread 8 , Thread 9 , Thread 10 , Thread 11 , Thread 12 , Thread 13 , Thread 14 , Thread 15 , Thread 16 , Thread 17 , Thread 18 , Thread 19 , Thread 20 , Thread 21 , Thread 22 , Thread 23 , Thread 24 , Thread 25 , Thread 26 , Thread 27 , Thread 28 , Thread 29 , Thread 30 , Thread 31 , 
In warp 1, threads are diverged into following sub-sets: 
Set 0:
Thread 32 , Thread 33 , Thread 34 , Thread 35 , Thread 36 , Thread 37 , Thread 38 , Thread 39 , Thread 40 , Thread 41 , Thread 42 , Thread 43 , Thread 44 , Thread 45 , Thread 46 , Thread 47 , Thread 48 , Thread 49 , Thread 50 , Thread 51 , Thread 52 , Thread 53 , Thread 54 , Thread 55 , Thread 56 , Thread 57 , Thread 58 , Thread 59 , Thread 60 , Thread 61 , Thread 62 , Thread 63 , 

*****************************************************************

****************************************** Start checking races at SharedMemory 0... *********************************************

GKLEE: Across different warps, threads 63 and 0 incur a R-W race (Actual) on 
[GKLEE] Inst: 
Instruction Line: 83, In File: shared_bitmap_buggy_GKLEE.C, With Dir Path: /home/bgibson/EclipseWorkspaces/CUDA/CUDA/gig
[File: /home/bgibson/EclipseWorkspaces/CUDA/CUDA/gig/shared_bitmap_buggy_GKLEE.C, Line: 83, Inst:     ptr[offset*4 + 1] = shared[7-threadIdx.x][7-threadIdx.y];]
<_ZZ6kernelPhE6shared_block_0, 252, b0, t0> 
[GKLEE] Inst: 
Instruction Line: 72, In File: shared_bitmap_buggy_GKLEE.C, With Dir Path: /home/bgibson/EclipseWorkspaces/CUDA/CUDA/gig
[File: /home/bgibson/EclipseWorkspaces/CUDA/CUDA/gig/shared_bitmap_buggy_GKLEE.C, Line: 72, Inst:                   (sinf(y*2.0f*PI/ period) + 1.0f) / 4.0f;]
<_ZZ6kernelPhE6shared_block_0, 252:1122230436, b0, t63> 

GKLEE: Across different warps, threads 31 and 32 incur a R-W race (Actual) on 
[GKLEE] Inst: 
Instruction Line: 83, In File: shared_bitmap_buggy_GKLEE.C, With Dir Path: /home/bgibson/EclipseWorkspaces/CUDA/CUDA/gig
[File: /home/bgibson/EclipseWorkspaces/CUDA/CUDA/gig/shared_bitmap_buggy_GKLEE.C, Line: 83, Inst:     ptr[offset*4 + 1] = shared[7-threadIdx.x][7-threadIdx.y];]
<_ZZ6kernelPhE6shared_block_0, 236, b0, t32> 
[GKLEE] Inst: 
Instruction Line: 72, In File: shared_bitmap_buggy_GKLEE.C, With Dir Path: /home/bgibson/EclipseWorkspaces/CUDA/CUDA/gig
[File: /home/bgibson/EclipseWorkspaces/CUDA/CUDA/gig/shared_bitmap_buggy_GKLEE.C, Line: 72, Inst:                   (sinf(y*2.0f*PI/ period) + 1.0f) / 4.0f;]
<_ZZ6kernelPhE6shared_block_0, 236:1120106196, b0, t31> 
path num explored here: 1
+++++++++++++++++ Bank Conflict Rate: +++++++++++++++++
Across 1 BIs, the total num of instructions with BC : 4, the total num of instructions: 4
Across 1 BIs, the total num of warps with BC : 2, the total num of warps: 2
In shared memory 0, num of BIs with BC: 1, num of BIs: 1

GKLEE: The Average 'Warp' Bank Conflict Rate for all shared memories at path 1 : 100%, <avgBCWarp, avgWarp> : <2, 2>

GKLEE: The Average 'BI' Bank Conflict Rate for all shared memories at path 1 : 100%, <avgBCBI, avgBI> : <1, 1>
+++++++++++++++++ end +++++++++++++++++
+++++++++++++++++ Memory Coalescing Rate: +++++++++++++++++
Across 1 BIs, the total num of read instructions with MC: 0, the total number of read instructions: 0
Across 1 BIs, the total num of write instructions with MC: 1, the total number of write instructions: 1
Across 1 BIs, the total num of warps with MC: 1, the total num of warps: 1
num of BIs with MC: 1, num of BIs: 1

GKLEE: The Average 'Warp' Memory Coalescing Rate at path 1 : 100%, <avgMCWarp, avgWarp> : <1, 1>

GKLEE: The Average 'BI' Memory Coalescing Rate at path 1 : 100%, <avgMCBI, avgBI> : <1, 1>
+++++++++++++++++ end +++++++++++++++++
+++++++++++++++++ Warp Divergence Rate: +++++++++++++++++
Across 1 BIs, the total num of warps with WD: 0, the total num of warps: 2
num of BIs with WD: 0, num of BIs: 1

GKLEE: The Average 'Warp' Warp Divergence Rate at path 1 : 0%, <avgWDWarp, avgWarp> : <0, 2>

GKLEE: The Average 'BI' Warp Divergence Rate at path 1 : 0%, <avgWDBI, avgBI> : <0, 1>
+++++++++++++++++ end +++++++++++++++++

GKLEE: Finish executing a GPU kernel 

GKLEE: GPU Execution time: 0.04s
